<?xml version="1.0" encoding="UTF-8"?>
<!-- Generated by org.testng.reporters.JUnitReportReporter -->
<testsuite hostname="DESKTOP-K63190B" failures="0" tests="2" name="com.vtiger.practice.PracticeTest" time="0.037" errors="0" timestamp="2022-05-16T14:39:39 IST" skipped="0">
  <testcase classname="com.vtiger.practice.PracticeTest" name="practiceTest" time="0.009"/>
  <system-out>
    <![CDATA[Test1]]>
  </system-out>
  <testcase classname="com.vtiger.practice.PracticeTest" name="practice2Test" time="0.028"/>
  <system-out>
    <![CDATA[Test2]]>
  </system-out>
</testsuite> <!-- com.vtiger.practice.PracticeTest -->
