<?xml version="1.0" encoding="UTF-8"?>
<!-- Generated by org.testng.reporters.JUnitReportReporter -->
<testsuite hostname="DESKTOP-K63190B" failures="0" tests="4" name="com.vtiger.practice.TestNgPractice2Test" time="0.078" errors="0" timestamp="2022-05-16T17:50:30 IST" skipped="0">
  <testcase classname="com.vtiger.practice.TestNgPractice2Test" name="practice2Test" time="0.016"/>
  <system-out>
    <![CDATA[TestNgPractice2Test--->Test1]]>
  </system-out>
  <testcase classname="com.vtiger.practice.TestNgPractice2Test" name="practice3Test" time="0.011"/>
  <system-out>
    <![CDATA[TestNgPractice2Test--->Test1]]>
  </system-out>
  <testcase classname="com.vtiger.practice.TestNgPractice2Test" name="testStep1Test" time="0.031"/>
  <system-out>
    <![CDATA[test1]]>
  </system-out>
  <testcase classname="com.vtiger.practice.TestNgPractice2Test" name="practice1Test" time="0.020"/>
  <system-out>
    <![CDATA[TestNgPractice2Test--->Test1]]>
  </system-out>
</testsuite> <!-- com.vtiger.practice.TestNgPractice2Test -->
