<?xml version="1.0" encoding="UTF-8"?>
<!-- Generated by org.testng.reporters.JUnitReportReporter -->
<testsuite hostname="DESKTOP-K63190B" failures="0" tests="17" name="com.vtiger.practice.TestngPracticeTest" time="0.083" errors="0" timestamp="2022-05-18T14:36:06 IST" skipped="0">
  <testcase classname="com.vtiger.practice.TestngPracticeTest" name="practiceTest" time="0.013"/>
  <system-out>
    <![CDATA[admin1     ------->    admin1]]>
  </system-out>
  <testcase classname="com.vtiger.practice.TestngPracticeTest" name="practiceTest" time="0.003"/>
  <system-out>
    <![CDATA[admin5     ------->    admin5]]>
  </system-out>
  <testcase classname="com.vtiger.practice.TestngPracticeTest" name="practiceTest" time="0.003"/>
  <system-out>
    <![CDATA[admin4     ------->    admin4]]>
  </system-out>
  <testcase classname="com.vtiger.practice.TestngPracticeTest" name="practiceTest" time="0.002"/>
  <system-out>
    <![CDATA[admin8     ------->    admin8]]>
  </system-out>
  <testcase classname="com.vtiger.practice.TestngPracticeTest" name="practiceTest" time="0.003"/>
  <system-out>
    <![CDATA[admin2     ------->    admin2]]>
  </system-out>
  <testcase classname="com.vtiger.practice.TestngPracticeTest" name="practiceTest" time="0.004"/>
  <system-out>
    <![CDATA[admin11     ------->    admin11]]>
  </system-out>
  <testcase classname="com.vtiger.practice.TestngPracticeTest" name="practiceTest" time="0.003"/>
  <system-out>
    <![CDATA[admin15     ------->    admin15]]>
  </system-out>
  <testcase classname="com.vtiger.practice.TestngPracticeTest" name="practiceTest" time="0.008"/>
  <system-out>
    <![CDATA[admin16     ------->    admin16]]>
  </system-out>
  <testcase classname="com.vtiger.practice.TestngPracticeTest" name="practiceTest" time="0.003"/>
  <system-out>
    <![CDATA[admin3     ------->    admin3]]>
  </system-out>
  <testcase classname="com.vtiger.practice.TestngPracticeTest" name="practiceTest" time="0.005"/>
  <system-out>
    <![CDATA[admin7     ------->    admin7]]>
  </system-out>
  <testcase classname="com.vtiger.practice.TestngPracticeTest" name="practiceTest" time="0.002"/>
  <system-out>
    <![CDATA[admin9     ------->    admin9]]>
  </system-out>
  <testcase classname="com.vtiger.practice.TestngPracticeTest" name="practiceTest" time="0.008"/>
  <system-out>
    <![CDATA[admin10     ------->    admin10]]>
  </system-out>
  <testcase classname="com.vtiger.practice.TestngPracticeTest" name="practiceTest" time="0.003"/>
  <system-out>
    <![CDATA[admin12     ------->    admin12]]>
  </system-out>
  <testcase classname="com.vtiger.practice.TestngPracticeTest" name="practiceTest" time="0.006"/>
  <system-out>
    <![CDATA[admin13     ------->    admin13]]>
  </system-out>
  <testcase classname="com.vtiger.practice.TestngPracticeTest" name="practiceTest" time="0.002"/>
  <system-out>
    <![CDATA[admin6     ------->    admin6]]>
  </system-out>
  <testcase classname="com.vtiger.practice.TestngPracticeTest" name="practiceTest" time="0.002"/>
  <system-out>
    <![CDATA[admin17     ------->    admin17]]>
  </system-out>
  <testcase classname="com.vtiger.practice.TestngPracticeTest" name="practiceTest" time="0.013"/>
  <system-out>
    <![CDATA[admin14     ------->    admin14]]>
  </system-out>
</testsuite> <!-- com.vtiger.practice.TestngPracticeTest -->
