<?xml version="1.0" encoding="UTF-8"?>
<!-- Generated by org.testng.reporters.JUnitReportReporter -->
<testsuite hostname="DESKTOP-K63190B" failures="0" tests="1" name="com.vtiger.products.CreateProduct_Companion" time="49.818" errors="0" timestamp="2022-05-17T17:19:06 IST" skipped="0">
  <testcase classname="com.vtiger.products.CreateProduct_Companion" name="createproduct_compaignTest" time="49.818"/>
  <system-out/>
</testsuite> <!-- com.vtiger.products.CreateProduct_Companion -->
