<?xml version="1.0" encoding="UTF-8"?>
<!-- Generated by org.testng.reporters.JUnitReportReporter -->
<testsuite hostname="DESKTOP-K63190B" failures="0" tests="1" name="com.vtiger.organisation.CreateOrganizationTest" time="27.818" errors="0" timestamp="2022-05-18T18:03:31 IST" skipped="0">
  <testcase classname="com.vtiger.organisation.CreateOrganizationTest" name="createorganizationTest" time="27.818"/>
  <system-out/>
</testsuite> <!-- com.vtiger.organisation.CreateOrganizationTest -->
