<?xml version="1.0" encoding="UTF-8"?>
<!-- Generated by org.testng.reporters.JUnitReportReporter -->
<testsuite hostname="DESKTOP-K63190B" failures="0" tests="1" name="com.vtiger.campaign.CreateCampaignsTest" time="36.273" errors="0" timestamp="2022-05-26T17:47:02 IST" skipped="0">
  <testcase classname="com.vtiger.campaign.CreateCampaignsTest" name="campaignsTest" time="36.273"/>
  <system-out>
    <![CDATA[campaign name has been created]]>
  </system-out>
</testsuite> <!-- com.vtiger.campaign.CreateCampaignsTest -->
