<?xml version="1.0" encoding="UTF-8"?>
<!-- Generated by org.testng.reporters.JUnitReportReporter -->
<testsuite hostname="DESKTOP-K63190B" failures="0" tests="1" name="com.vtiger.campaign.CampaignsTest" time="23.894" errors="0" timestamp="2022-05-18T16:11:51 IST" skipped="0">
  <testcase classname="com.vtiger.campaign.CampaignsTest" name="campaignsTest" time="23.894"/>
  <system-out>
    <![CDATA[campaign name has been created]]>
  </system-out>
</testsuite> <!-- com.vtiger.campaign.CampaignsTest -->
