<?xml version="1.0" encoding="UTF-8"?>
<!-- Generated by org.testng.reporters.JUnitReportReporter -->
<testsuite hostname="DESKTOP-K63190B" failures="0" tests="1" name="com.vtiger.contacts.CreatContactWith_Organization" time="56.798" errors="0" timestamp="2022-05-18T11:56:46 IST" skipped="0">
  <testcase classname="com.vtiger.contacts.CreatContactWith_Organization" name="creatcontactwith_organizationTest" time="56.798"/>
  <system-out/>
</testsuite> <!-- com.vtiger.contacts.CreatContactWith_Organization -->
