<?xml version="1.0" encoding="UTF-8"?>
<!-- Generated by org.testng.reporters.JUnitReportReporter -->
<testsuite hostname="DESKTOP-K63190B" failures="0" tests="1" name="com.vtiger.campaign.CreateCampaign_ProductTest" time="43.447" errors="0" timestamp="2022-05-27T10:28:57 IST" skipped="0">
  <testcase classname="com.vtiger.campaign.CreateCampaign_ProductTest" name="createcampaign_productTest" time="43.447"/>
  <system-out/>
</testsuite> <!-- com.vtiger.campaign.CreateCampaign_ProductTest -->
