<?xml version="1.0" encoding="UTF-8"?>
<!-- Generated by org.testng.reporters.JUnitReportReporter -->
<testsuite hostname="DESKTOP-K63190B" failures="0" tests="1" name="com.vtiger.products.CreateProduct" time="23.201" errors="0" timestamp="2022-05-17T17:09:46 IST" skipped="0">
  <testcase classname="com.vtiger.products.CreateProduct" name="createproductTest" time="23.201"/>
  <system-out/>
</testsuite> <!-- com.vtiger.products.CreateProduct -->
