<?xml version="1.0" encoding="UTF-8"?>
<!-- Generated by org.testng.reporters.JUnitReportReporter -->
<testsuite hostname="DESKTOP-K63190B" failures="0" tests="1" name="com.vtiger.products.CreateProductTest" time="29.575" errors="0" timestamp="2022-05-18T16:20:58 IST" skipped="0">
  <testcase classname="com.vtiger.products.CreateProductTest" name="createproductTest" time="29.575"/>
  <system-out/>
</testsuite> <!-- com.vtiger.products.CreateProductTest -->
