<?xml version="1.0" encoding="UTF-8"?>
<!-- Generated by org.testng.reporters.JUnitReportReporter -->
<testsuite hostname="DESKTOP-K63190B" failures="0" tests="1" name="com.vtiger.practice.TestNgBasicConfigAnnotationPracticeTest" time="0.009" errors="0" timestamp="2022-05-16T17:50:30 IST" skipped="0">
  <testcase classname="com.vtiger.practice.TestNgBasicConfigAnnotationPracticeTest" name="testStep1Test" time="0.009"/>
  <system-out>
    <![CDATA[test1]]>
  </system-out>
</testsuite> <!-- com.vtiger.practice.TestNgBasicConfigAnnotationPracticeTest -->
